29.01.2024 - 13:22:45 - [TAB v4.1.2] Something just tried to add player BANGARSALWYRR3 into team B491FDD5_AA1 (expected team: 7BANGARSALWYRR3A)
29.01.2024 - 14:09:48 - [TAB v4.1.2] Something just tried to add player BANGARSALWYRR3 into team E427DFCF_AA1 (expected team: 7BANGARSALWYRR3A)
29.01.2024 - 14:10:05 - [TAB v4.1.2] Something just tried to add player BANGARSALWYRR3 into team E427DFCF_AAA2 (expected team: 7BANGARSALWYRR3A)
29.01.2024 - 14:22:06 - [TAB v4.1.2] Something just tried to add player BANGARSALWYRR3 into team E2E72C6F_AA1 (expected team: 7BANGARSALWYRR3A)
29.01.2024 - 14:47:56 - [TAB v4.1.2] Something just tried to add player BANGARSALWYRR3 into team E2E72C6F_Z2 (expected team: 6BANGARSALWYRR3A)
29.01.2024 - 14:48:08 - [TAB v4.1.2] Something just tried to add player BANGARSALWYRR3 into team E2E72C6F_Z3 (expected team: 6BANGARSALWYRR3A)
29.01.2024 - 20:51:47 - [TAB v4.1.2] Something just tried to add player BANGARSALWYRR3 into team 046270A1_Z1 (expected team: 6BANGARSALWYRR3A)
29.01.2024 - 20:52:34 - [TAB v4.1.2] Something just tried to add player BANGARSALWYRR3 into team 046270A1_AA2 (expected team: 6BANGARSALWYRR3A)
29.01.2024 - 21:17:07 - [TAB v4.1.2] Something just tried to add player BANGARSALWYRR3 into team 046270A1_AA4 (expected team: 6BANGARSALWYRR3A)
29.01.2024 - 21:20:48 - [TAB v4.1.2] Something just tried to add player BANGARSALWYRR3 into team 046270A1_AAAA5 (expected team: 6BANGARSALWYRR3A)
30.01.2024 - 15:00:30 - [TAB v4.1.2] Something just tried to add player BANGARSALWYRR3 into team FC00B1CA_AA1 (expected team: 7BANGARSALWYRR3A)
30.01.2024 - 15:12:27 - [TAB v4.1.2] Something just tried to add player BANGARSALWYRR3 into team FC00B1CA_AA2 (expected team: 6BANGARSALWYRR3A)
30.01.2024 - 21:26:32 - [TAB v4.1.2] Something just tried to add player DayRecord into team 570903E2_Z1 (expected team: 6DayRecordA)
30.01.2024 - 21:27:43 - [TAB v4.1.2] Something just tried to add player DayRecord into team 570903E2_Z2 (expected team: 6DayRecordA)
30.01.2024 - 21:28:25 - [TAB v4.1.2] Something just tried to add player DayRecord into team 570903E2_AAAA3 (expected team: 6DayRecordA)
12.02.2024 - 15:23:35 - [TAB v4.1.2] Something just tried to add player BANGARSALWYRR3 into team 107C09AE_Z1 (expected team: 6BANGARSALWYRR3A)
12.02.2024 - 15:24:05 - [TAB v4.1.2] Something just tried to add player BANGARSALWYRR3 into team 107C09AE_AA2 (expected team: 6BANGARSALWYRR3A)
12.02.2024 - 15:27:26 - [TAB v4.1.2] Something just tried to add player BANGARSALWYRR3 into team 107C09AE_AA2 (expected team: 7BANGARSALWYRR3A)
12.02.2024 - 15:30:20 - [TAB v4.1.2] Something just tried to add player BANGARSALWYRR3 into team FAA61C5D_AA1 (expected team: 7BANGARSALWYRR3A)
12.02.2024 - 15:31:27 - [TAB v4.1.2] Something just tried to add player BANGARSALWYRR3 into team FAA61C5D_AAA2 (expected team: 7BANGARSALWYRR3A)
12.02.2024 - 15:32:15 - [TAB v4.1.2] Something just tried to add player BANGARSALWYRR3 into team FAA61C5D_AAA2 (expected team: 1BANGARSALWYRR3A)
12.02.2024 - 15:32:15 - [TAB v4.1.2] Something just tried to add player BANGARSALWYRR3 into team FAA61C5D_AA3 (expected team: 1BANGARSALWYRR3A)
12.02.2024 - 15:32:18 - [TAB v4.1.2] Something just tried to add player BANGARSALWYRR3 into team FAA61C5D_AAAA4 (expected team: 1BANGARSALWYRR3A)
12.02.2024 - 15:33:51 - [TAB v4.1.2] Something just tried to add player BANGARSALWYRR3 into team FAA61C5D_AAAA4 (expected team: 5BANGARSALWYRR3A)
12.02.2024 - 15:33:51 - [TAB v4.1.2] Something just tried to add player BANGARSALWYRR3 into team FAA61C5D_AA5 (expected team: 5BANGARSALWYRR3A)
